                                                                                                                                                                                                                                            QUERY PLAN
--------------------------------------------------------------------------------------------------------------------------------------------------------------------------------------------------------------------------------------------------------------------------------------------------------------------------------------------------------------------------------------------------------------------------------------------------------------------------------------------------
 Nested Loop  (cost=0.42..8.36 rows=1 width=42) (actual time=0.020..0.020 rows=0 loops=1)
   Output: "Н_ОЦЕНКИ"."КОД", "Н_ВЕДОМОСТИ"."ДАТА"
   ->  Seq Scan on public."Н_ОЦЕНКИ"  (cost=0.00..1.11 rows=1 width=34) (actual time=0.013..0.014 rows=1 loops=1)
         Output: "Н_ОЦЕНКИ"."КОД", "Н_ОЦЕНКИ"."ПРИМЕЧАНИЕ", "Н_ОЦЕНКИ"."СОРТ"
         Filter: (("Н_ОЦЕНКИ"."КОД")::text = 'зачет'::text)
         Rows Removed by Filter: 8
   ->  Index Scan using "ВЕД_PK" on public."Н_ВЕДОМОСТИ"  (cost=0.42..7.24 rowsactual time=0.003..0.003 rows=0 loops=1)
         Output: "Н_ВЕДОМОСТИ"."ИД", "Н_ВЕДОМОСТИ"."ЧЛВК_ИД", "Н_ВЕДОМОСТИ"."НОМЕР_ДОКУМЕНТА", "Н_ВЕДОМОСТИ"."ОЦЕНКА", "Н_ВЕДОМОСТИ"."СРОК_СДАЧИ", "Н_ВЕДОМОСТ."ТВ_ИД", "Н_ВЕДОМОСТИ"."КТО_СОЗДАЛ", "Н_ВЕДОМОСТИ"."КОГДА_СОЗДАЛ", "Н_ВЕДОМОСТИ"."КТО_ИЗМЕНИЛ", "Н_ВЕДОМОСТИ"."КОГДА_ИЗМЕНИЛ", "Н_ВЕДОМОСТИ"."ВЕД_ИД", "Н_ВЕДОМОСТИ"."СОСТОЯНИЕ", "Н_ВЕДОМОСТИ"."ОТД_ИД", "Н_ВЕДОМОСТИ"."БУКВА", "Н_ВЕДОМОСТ"ПРИМЕЧАНИЕ", "Н_ВЕДОМОСТИ"."БАЛЛЫ"
         Index Cond: ("Н_ВЕДОМОСТИ"."ИД" < 39921)
         Filter: (("Н_ВЕДОМОСТИ"."ОЦЕНКА")::text = 'зачет'::text)
 Planning time: 0.398 ms
 Execution time: 0.102 ms
(12 rows)
