                                                                                                                                                                                                                                            QUERY PLAN
--------------------------------------------------------------------------------------------------------------------------------------------------------------------------------------------------------------------------------------------------------------------------------------------------------------------------------------------------------------------------------------------------------------------------------------------------------------------------------------------------
 Nested Loop  (cost=4.89..39.58 rows=1 width=25) (actual time=0.052..0.052 rows=0 loops=1)
   Output: "Н_ЛЮДИ"."ИМЯ", "Н_ОБУЧЕНИЯ"."ЧЛВК_ИД", "Н_УЧЕНИКИ"."НАЧАЛО"
   ->  Nested Loop  (cost=0.56..16.61 rows=1 width=21) (actual time=0.035..0.037 rows=1 loops=1)
         Output: "Н_ЛЮДИ"."ИМЯ", "Н_ЛЮДИ"."ИД", "Н_ОБУЧЕНИЯ"."ЧЛВК_ИД"
         ->  Index Scan using "ЧЛВК_PK" on public."Н_ЛЮДИ"  (cost=0.28..8.30 rows=1 width=17) (actual time=0.026..0.027 rows=1 loops=1)
"Н_ЛЮДИ"."ПОЛ", "Н_ЛЮДИ"."МЕСТО_РОЖДЕНИЯ", "Н_ЛЮДИ"."ИНОСТРАН", "Н_ЛЮДИ"."КТО_СОЗДАЛ", "Н_ЛЮДИ"."КОГДА_СОЗДАЛ", "Н_ЛЮДИ"."КТО_ИЗМЕНИЛ", "Н_ЛЮДИ"."КОГДА_ИЗМЕНИЛ", "Н_ЛЮДИ"."ДАТА_СМЕРТИ", "Н_ЛЮДИ"."ФИО"
               Index Cond: ("Н_ЛЮДИ"."ИД" = 163276)
               Filter: (("Н_ЛЮДИ"."ИМЯ")::text > 'Александр'::text)
=1 width=4) (actual time=0.007..0.008 rows=1 loops=1)n public."Н_ОБУЧЕНИЯ"  (cost=0.28..8.30 rows--More--
               Output: "Н_ОБУЧЕНИЯ"."ЧЛВК_ИД"
               Index Cond: ("Н_ОБУЧЕНИЯ"."ЧЛВК_ИД" = 163276)
               Heap Fetches: 1
l time=0.012..0.012 rows=0 loops=1)Н_УЧЕНИКИ"  (cost=4.33..22.96 rows=1 width=12) (actua--More--
ГРУППА", "Н_УЧЕНИКИ"."П_ПРКОК_ИД", "Н_УЧЕНИКИ"."ВИД_ОБУЧ_ИД", "Н_УЧЕНИКИ"."ПРИМЕЧАНИЕ", "Н_УЧЕНИКИ"."КТО_СОЗДАЛ", "Н_УЧЕНИКИ"."КОГДА_СОЗДАЛ", "Н_УЧЕНИКИ"."КТО_ИЗМЕНИЛ", "Н_УЧЕНИКИ"."КОГДА_ИЗМЕНИЛ", "Н_УЧЕНИКИ"."."ВМЕСТО", "Н_УЧЕНИКИ"."В_СВЯЗИ_С", "Н_УЧЕНИКИ"."ТЕКСТ"
         Recheck Cond: ("Н_УЧЕНИКИ"."ЧЛВК_ИД" = 163276)
         Filter: (("Н_УЧЕНИКИ"."ГРУППА")::text = '1100'::text)
         Rows Removed by Filter: 1
         Heap Blocks: exact=1
tual time=0.007..0.007 rows=1 loops=1)Н_ОБУЧ_FK_I"  (cost=0.00..4.32 rows=5 width=0) (ac--More--
               Index Cond: ("Н_УЧЕНИКИ"."ЧЛВК_ИД" = 163276)
 Planning time: 0.324 ms
 Execution time: 0.167 ms
(22 rows)
